<?xml version="1.0" encoding="UTF-8"?>
<testng-results skipped="0" failed="0" ignored="0" total="1" passed="1">
  <reporter-output>
  </reporter-output>
  <suite name="Suite1" duration-ms="10754" started-at="2020-05-04T14:53:20Z" finished-at="2020-05-04T14:53:30Z">
    <groups>
    </groups>
    <test name="WebDriver" duration-ms="10754" started-at="2020-05-04T14:53:20Z" finished-at="2020-05-04T14:53:30Z">
      <class name="testNG.Module8_Assignment_SE_Grid">
        <test-method status="PASS" signature="launch()[pri:0, instance:testNG.Module8_Assignment_SE_Grid@129a8472]" name="launch" is-config="true" duration-ms="8360" started-at="2020-05-04T14:53:20Z" finished-at="2020-05-04T14:53:28Z">
          <reporter-output>
          </reporter-output>
        </test-method> <!-- launch -->
        <test-method status="PASS" signature="bing()[pri:0, instance:testNG.Module8_Assignment_SE_Grid@129a8472]" name="bing" duration-ms="680" started-at="2020-05-04T14:53:28Z" finished-at="2020-05-04T14:53:29Z">
          <reporter-output>
          </reporter-output>
        </test-method> <!-- bing -->
        <test-method status="PASS" signature="logout()[pri:0, instance:testNG.Module8_Assignment_SE_Grid@129a8472]" name="logout" is-config="true" duration-ms="1677" started-at="2020-05-04T14:53:29Z" finished-at="2020-05-04T14:53:30Z">
          <reporter-output>
          </reporter-output>
        </test-method> <!-- logout -->
      </class> <!-- testNG.Module8_Assignment_SE_Grid -->
    </test> <!-- WebDriver -->
  </suite> <!-- Suite1 -->
</testng-results>
