<?xml version="1.0" encoding="UTF-8"?>
<testng-results skipped="0" failed="0" ignored="0" total="1" passed="1">
  <reporter-output>
  </reporter-output>
  <suite name="Suite1" duration-ms="11204" started-at="2018-06-25T15:39:59Z" finished-at="2018-06-25T15:40:10Z">
    <groups>
    </groups>
    <test name="WebDriver" duration-ms="11204" started-at="2018-06-25T15:39:59Z" finished-at="2018-06-25T15:40:10Z">
      <class name="TestNG.addressbook">
        <test-method status="PASS" signature="launch()[pri:0, instance:TestNG.addressbook@4678c730]" name="launch" is-config="true" duration-ms="7959" started-at="2018-06-25T15:39:59Z" finished-at="2018-06-25T15:40:07Z">
          <reporter-output>
          </reporter-output>
        </test-method> <!-- launch -->
        <test-method status="PASS" signature="addressbook()[pri:0, instance:TestNG.addressbook@4678c730]" name="addressbook" duration-ms="1163" started-at="2018-06-25T15:40:07Z" finished-at="2018-06-25T15:40:08Z">
          <reporter-output>
          </reporter-output>
        </test-method> <!-- addressbook -->
        <test-method status="PASS" signature="logout()[pri:0, instance:TestNG.addressbook@4678c730]" name="logout" is-config="true" duration-ms="2060" started-at="2018-06-25T15:40:08Z" finished-at="2018-06-25T15:40:10Z">
          <reporter-output>
          </reporter-output>
        </test-method> <!-- logout -->
      </class> <!-- TestNG.addressbook -->
    </test> <!-- WebDriver -->
  </suite> <!-- Suite1 -->
</testng-results>
